  Character.cpp
  Collider.cpp
  Animation.cpp
m:\projetvg\coursjeux\projet1\animation.cpp(11): warning C4244: '=' : conversion de 'float' en 'int', perte possible de données
m:\projetvg\coursjeux\projet1\animation.cpp(12): warning C4244: '=' : conversion de 'float' en 'int', perte possible de données
  Game.cpp
m:\projetvg\coursjeux\projet1\game.cpp(32): warning C4244: 'argument' : conversion de 'const unsigned int' en 'float', perte possible de données
  Hero.cpp
  Hunter.cpp
  Level.cpp
  Main.cpp
  AssetManager.cpp
  InputManager.cpp
  StateManager.cpp
  Monk.cpp
  Monster.cpp
  MyEntity.cpp
m:\projetvg\coursjeux\projet1\myentity.cpp(9): warning C4305: 'argument' : troncation de 'double' à 'float'
m:\projetvg\coursjeux\projet1\myentity.cpp(11): warning C4244: '=' : conversion de 'float' en 'int', perte possible de données
m:\projetvg\coursjeux\projet1\myentity.cpp(12): warning C4244: '=' : conversion de 'float' en 'int', perte possible de données
m:\projetvg\coursjeux\projet1\myentity.cpp(26): warning C4244: 'argument' : conversion de 'const int' en 'float', perte possible de données
  Object.cpp
  Platform.cpp
  Stage.cpp
  State.cpp
  World.cpp
  Génération de code en cours...
  Projet1.vcxproj -> M:\ProjetVG\CoursJeux\x64\Debug\Projet1.exe
