m:\projetvg\coursjeux\projet1\x64\debug\vc141.pdb
m:\projetvg\coursjeux\projet1\x64\debug\vc141.idb
m:\projetvg\coursjeux\projet1\x64\debug\world.obj
m:\projetvg\coursjeux\projet1\x64\debug\state.obj
m:\projetvg\coursjeux\projet1\x64\debug\stage.obj
m:\projetvg\coursjeux\projet1\x64\debug\platform.obj
m:\projetvg\coursjeux\projet1\x64\debug\object.obj
m:\projetvg\coursjeux\projet1\x64\debug\myentity.obj
m:\projetvg\coursjeux\projet1\x64\debug\monster.obj
m:\projetvg\coursjeux\projet1\x64\debug\monk.obj
m:\projetvg\coursjeux\projet1\x64\debug\statemanager.obj
m:\projetvg\coursjeux\projet1\x64\debug\inputmanager.obj
m:\projetvg\coursjeux\projet1\x64\debug\assetmanager.obj
m:\projetvg\coursjeux\projet1\x64\debug\main.obj
m:\projetvg\coursjeux\projet1\x64\debug\level.obj
m:\projetvg\coursjeux\projet1\x64\debug\hunter.obj
m:\projetvg\coursjeux\projet1\x64\debug\hero.obj
m:\projetvg\coursjeux\projet1\x64\debug\game.obj
m:\projetvg\coursjeux\projet1\x64\debug\animation.obj
m:\projetvg\coursjeux\projet1\x64\debug\collider.obj
m:\projetvg\coursjeux\projet1\x64\debug\character.obj
m:\projetvg\coursjeux\x64\debug\projet1.ilk
m:\projetvg\coursjeux\x64\debug\projet1.exe
m:\projetvg\coursjeux\x64\debug\projet1.pdb
m:\projetvg\coursjeux\projet1\x64\debug\projet1.tlog\cl.command.1.tlog
m:\projetvg\coursjeux\projet1\x64\debug\projet1.tlog\cl.read.1.tlog
m:\projetvg\coursjeux\projet1\x64\debug\projet1.tlog\cl.write.1.tlog
m:\projetvg\coursjeux\projet1\x64\debug\projet1.tlog\link.command.1.tlog
m:\projetvg\coursjeux\projet1\x64\debug\projet1.tlog\link.read.1.tlog
m:\projetvg\coursjeux\projet1\x64\debug\projet1.tlog\link.write.1.tlog
